Arguments: 
  /usr/local/bin/node /usr/local/bin/yarn install --production

PATH: 
  /Users/gelan/anaconda3/bin:/usr/local/bin:/usr/bin:/bin:/usr/sbin:/sbin:/usr/local/aria2/bin

Yarn version: 
  1.3.2

Node version: 
  6.11.1

Platform: 
  darwin x64

npm manifest: 
  {
    "name": "hexo-site",
    "version": "0.0.0",
    "private": true,
    "hexo": {
      "version": ""
    },
    "dependencies": {
      "hexo": "^3.2.0",
      "hexo-generator-archive": "^0.1.4",
      "hexo-generator-category": "^0.1.3",
      "hexo-generator-index": "^0.2.0",
      "hexo-generator-tag": "^0.2.0",
      "hexo-renderer-ejs": "^0.3.0",
      "hexo-renderer-stylus": "^0.3.1",
      "hexo-renderer-marked": "^0.3.0",
      "hexo-server": "^0.2.0"
    }
  }

yarn manifest: 
  No manifest

Lockfile: 
  No lockfile

Trace: 
  Error: connect ETIMEDOUT 114.55.80.225:80
      at Object.exports._errnoException (util.js:1018:11)
      at exports._exceptionWithHostPort (util.js:1041:20)
      at TCPConnectWrap.afterConnect [as oncomplete] (net.js:1086:14)
